<?xml version="1.0" encoding="UTF-8"?>
<testng-results total="1" passed="1" failed="0" skipped="0">
  <reporter-output>
  </reporter-output>
  <suite started-at="2022-06-22T03:49:01Z" name="Default suite" finished-at="2022-06-22T03:49:25Z" duration-ms="24173">
    <groups>
    </groups>
    <test started-at="2022-06-22T03:49:01Z" name="Default test" finished-at="2022-06-22T03:49:25Z" duration-ms="24173">
      <class name="Other.Tags">
        <test-method is-config="true" signature="setUp()[pri:0, instance:Other.Tags@31920ade]" started-at="2022-06-22T09:19:01Z" name="setUp" finished-at="2022-06-22T09:19:15Z" duration-ms="14129" status="PASS">
          <reporter-output>
          </reporter-output>
        </test-method> <!-- setUp -->
        <test-method signature="testWeb()[pri:0, instance:Other.Tags@31920ade]" started-at="2022-06-22T09:19:15Z" name="testWeb" finished-at="2022-06-22T09:19:25Z" duration-ms="9811" status="PASS">
          <reporter-output>
          </reporter-output>
        </test-method> <!-- testWeb -->
        <test-method is-config="true" signature="tearDown()[pri:0, instance:Other.Tags@31920ade]" started-at="2022-06-22T09:19:25Z" name="tearDown" finished-at="2022-06-22T09:19:25Z" duration-ms="200" status="PASS">
          <reporter-output>
          </reporter-output>
        </test-method> <!-- tearDown -->
      </class> <!-- Other.Tags -->
    </test> <!-- Default test -->
  </suite> <!-- Default suite -->
</testng-results>
